<?xml version="1.0" encoding="UTF-8"?>
<testng-results ignored="0" total="6" passed="5" failed="1" skipped="0">
  <reporter-output>
  </reporter-output>
  <suite started-at="2026-07-03T09:13:39 IST" name="AutoTestNG" finished-at="2026-07-03T09:15:40 IST" duration-ms="120490">
    <groups>
    </groups>
    <test started-at="2026-07-03T09:13:39 IST" name="AutoTestNG3.xml" finished-at="2026-07-03T09:14:28 IST" duration-ms="48369">
      <class name="AutomationExercise.Tests.TestLogout">
        <test-method is-config="true" signature="launchApplication()[pri:0, instance:AutomationExercise.Tests.TestLogout@2cb2fc20]" started-at="2026-07-03T09:13:39 IST" name="launchApplication" finished-at="2026-07-03T09:14:02 IST" duration-ms="22272" status="PASS">
          <reporter-output>
          </reporter-output>
        </test-method> <!-- launchApplication -->
        <test-method signature="testLogout()[pri:0, instance:AutomationExercise.Tests.TestLogout@2cb2fc20]" started-at="2026-07-03T09:14:02 IST" name="testLogout" finished-at="2026-07-03T09:14:22 IST" duration-ms="20581" status="PASS">
          <reporter-output>
          </reporter-output>
        </test-method> <!-- testLogout -->
        <test-method is-config="true" signature="tearDown()[pri:0, instance:AutomationExercise.Tests.TestLogout@2cb2fc20]" started-at="2026-07-03T09:14:22 IST" name="tearDown" finished-at="2026-07-03T09:14:28 IST" duration-ms="5433" status="PASS">
          <reporter-output>
          </reporter-output>
        </test-method> <!-- tearDown -->
      </class> <!-- AutomationExercise.Tests.TestLogout -->
    </test> <!-- AutoTestNG3.xml -->
    <test started-at="2026-07-03T09:13:39 IST" name="AutoTestNG1.xml" finished-at="2026-07-03T09:14:35 IST" duration-ms="55334">
      <class name="AutomationExercise.Tests.TestCaseTwo">
        <test-method is-config="true" signature="launchApplication()[pri:0, instance:AutomationExercise.Tests.TestCaseTwo@23202fce]" started-at="2026-07-03T09:13:39 IST" name="launchApplication" finished-at="2026-07-03T09:13:56 IST" duration-ms="17161" status="PASS">
          <reporter-output>
          </reporter-output>
        </test-method> <!-- launchApplication -->
        <test-method signature="scrollUpUsingArrow()[pri:0, instance:AutomationExercise.Tests.TestCaseTwo@23202fce]" started-at="2026-07-03T09:13:56 IST" name="scrollUpUsingArrow" finished-at="2026-07-03T09:14:32 IST" duration-ms="35495" status="PASS">
          <reporter-output>
          </reporter-output>
        </test-method> <!-- scrollUpUsingArrow -->
        <test-method is-config="true" signature="tearDown()[pri:0, instance:AutomationExercise.Tests.TestCaseTwo@23202fce]" started-at="2026-07-03T09:14:32 IST" name="tearDown" finished-at="2026-07-03T09:14:35 IST" duration-ms="2590" status="PASS">
          <reporter-output>
          </reporter-output>
        </test-method> <!-- tearDown -->
      </class> <!-- AutomationExercise.Tests.TestCaseTwo -->
    </test> <!-- AutoTestNG1.xml -->
    <test started-at="2026-07-03T09:13:39 IST" name="AutoTestNG2.xml" finished-at="2026-07-03T09:14:35 IST" duration-ms="56303">
      <class name="AutomationExercise.Tests.TestDeleteAccount">
        <test-method is-config="true" signature="launchApplication()[pri:0, instance:AutomationExercise.Tests.TestDeleteAccount@4d6025c5]" started-at="2026-07-03T09:13:39 IST" name="launchApplication" finished-at="2026-07-03T09:13:56 IST" duration-ms="17222" status="PASS">
          <reporter-output>
          </reporter-output>
        </test-method> <!-- launchApplication -->
        <test-method signature="testDeleteAccount()[pri:0, instance:AutomationExercise.Tests.TestDeleteAccount@4d6025c5]" started-at="2026-07-03T09:13:56 IST" name="testDeleteAccount" finished-at="2026-07-03T09:14:33 IST" duration-ms="36909" status="PASS">
          <reporter-output>
          </reporter-output>
        </test-method> <!-- testDeleteAccount -->
        <test-method is-config="true" signature="tearDown()[pri:0, instance:AutomationExercise.Tests.TestDeleteAccount@4d6025c5]" started-at="2026-07-03T09:14:33 IST" name="tearDown" finished-at="2026-07-03T09:14:35 IST" duration-ms="2103" status="PASS">
          <reporter-output>
          </reporter-output>
        </test-method> <!-- tearDown -->
      </class> <!-- AutomationExercise.Tests.TestDeleteAccount -->
    </test> <!-- AutoTestNG2.xml -->
    <test started-at="2026-07-03T09:13:39 IST" name="AutoTestNG.xml" finished-at="2026-07-03T09:15:40 IST" duration-ms="120488">
      <class name="AutomationExercise.Tests.RegisterUser">
        <test-method is-config="true" signature="launchApplication()[pri:0, instance:AutomationExercise.Tests.RegisterUser@22f59fa]" started-at="2026-07-03T09:13:40 IST" name="launchApplication" finished-at="2026-07-03T09:13:56 IST" duration-ms="16741" status="PASS">
          <reporter-output>
          </reporter-output>
        </test-method> <!-- launchApplication -->
        <test-method signature="TestRegisterUser(AutomationExercise.AccountInfo)[pri:0, instance:AutomationExercise.Tests.RegisterUser@22f59fa]" started-at="2026-07-03T09:13:56 IST" name="TestRegisterUser" data-provider="getData" finished-at="2026-07-03T09:14:26 IST" duration-ms="29713" status="FAIL">
          <params>
            <param index="0">
              <value>
                <![CDATA[AutomationExercise.AccountInfo@46a842aa]]>
              </value>
            </param>
          </params>
          <exception class="org.openqa.selenium.ElementClickInterceptedException">
            <message>
              <![CDATA[element click intercepted: Element <div class="selector" id="uniform-months" style="width: 88px;">...</div> is not clickable at point (461, 634). Other element would receive the click: <iframe id="aswift_1" name="aswift_1" style="min-height: auto; max-height: none; min-width: auto; max-width: none; width: 728px !important; height: 90px !important; display: block; margin: 0px auto;" sandbox="allow-forms allow-popups allow-popups-to-escape-sandbox allow-same-origin allow-scripts allow-top-navigation-by-user-activation" width="728" height="90" frameborder="0" marginwidth="0" marginheight="0" vspace="0" hspace="0" allowtransparency="true" scrolling="no" allow="attribution-reporting; run-ad-auction" src="https://googleads.g.doubleclick.net/pagead/html/r20260701/r20190131/zrt_lookup_fy2021.html#RS-1-&amp;adk=1812271801&amp;client=ca-pub-1677597403311019&amp;fa=1&amp;ifi=2&amp;uci=a!2&amp;btvi=1" data-google-container-id="a!2" tabindex="0" title="Advertisement" aria-label="Advertisement" data-google-query-id="CLXrtufLtZUDFZHBFgUd6esK-g" data-load-complete="true"></iframe>
  (Session info: chrome=149.0.7827.197)
Build info: version: '4.18.1', revision: 'b1d3319b48'
System info: os.name: 'Windows 11', os.arch: 'amd64', os.version: '10.0', java.version: '21.0.2'
Driver info: org.openqa.selenium.chrome.ChromeDriver
Command: [a95a2982444c3f565aec73767da6184a, clickElement {id=f.38735BE0F4B6841DE6F5751B8B4DFA9F.d.16E57203E3A3061F64E8B0DD19899A82.e.443}]
Capabilities {acceptInsecureCerts: false, browserName: chrome, browserVersion: 149.0.7827.197, chrome: {chromedriverVersion: 149.0.7827.155 (07b52360cc1..., userDataDir: C:\Users\Preeti\AppData\Loc...}, fedcm:accounts: true, goog:chromeOptions: {debuggerAddress: localhost:61459}, goog:processID: 31068, networkConnectionEnabled: false, pageLoadStrategy: normal, platformName: windows, proxy: Proxy(), se:cdp: ws://localhost:61459/devtoo..., se:cdpVersion: 149.0.7827.197, setWindowRect: true, strictFileInteractability: false, timeouts: {implicit: 0, pageLoad: 300000, script: 30000}, unhandledPromptBehavior: dismiss and notify, webauthn:extension:credBlob: true, webauthn:extension:largeBlob: true, webauthn:extension:minPinLength: true, webauthn:extension:prf: true, webauthn:virtualAuthenticators: true}
Element: [[ChromeDriver: chrome on windows (a95a2982444c3f565aec73767da6184a)] -> id: uniform-months]
Session ID: a95a2982444c3f565aec73767da6184a]]>
            </message>
            <full-stacktrace>
              <![CDATA[org.openqa.selenium.ElementClickInterceptedException: element click intercepted: Element <div class="selector" id="uniform-months" style="width: 88px;">...</div> is not clickable at point (461, 634). Other element would receive the click: <iframe id="aswift_1" name="aswift_1" style="min-height: auto; max-height: none; min-width: auto; max-width: none; width: 728px !important; height: 90px !important; display: block; margin: 0px auto;" sandbox="allow-forms allow-popups allow-popups-to-escape-sandbox allow-same-origin allow-scripts allow-top-navigation-by-user-activation" width="728" height="90" frameborder="0" marginwidth="0" marginheight="0" vspace="0" hspace="0" allowtransparency="true" scrolling="no" allow="attribution-reporting; run-ad-auction" src="https://googleads.g.doubleclick.net/pagead/html/r20260701/r20190131/zrt_lookup_fy2021.html#RS-1-&amp;adk=1812271801&amp;client=ca-pub-1677597403311019&amp;fa=1&amp;ifi=2&amp;uci=a!2&amp;btvi=1" data-google-container-id="a!2" tabindex="0" title="Advertisement" aria-label="Advertisement" data-google-query-id="CLXrtufLtZUDFZHBFgUd6esK-g" data-load-complete="true"></iframe>
  (Session info: chrome=149.0.7827.197)
Build info: version: '4.18.1', revision: 'b1d3319b48'
System info: os.name: 'Windows 11', os.arch: 'amd64', os.version: '10.0', java.version: '21.0.2'
Driver info: org.openqa.selenium.chrome.ChromeDriver
Command: [a95a2982444c3f565aec73767da6184a, clickElement {id=f.38735BE0F4B6841DE6F5751B8B4DFA9F.d.16E57203E3A3061F64E8B0DD19899A82.e.443}]
Capabilities {acceptInsecureCerts: false, browserName: chrome, browserVersion: 149.0.7827.197, chrome: {chromedriverVersion: 149.0.7827.155 (07b52360cc1..., userDataDir: C:\Users\Preeti\AppData\Loc...}, fedcm:accounts: true, goog:chromeOptions: {debuggerAddress: localhost:61459}, goog:processID: 31068, networkConnectionEnabled: false, pageLoadStrategy: normal, platformName: windows, proxy: Proxy(), se:cdp: ws://localhost:61459/devtoo..., se:cdpVersion: 149.0.7827.197, setWindowRect: true, strictFileInteractability: false, timeouts: {implicit: 0, pageLoad: 300000, script: 30000}, unhandledPromptBehavior: dismiss and notify, webauthn:extension:credBlob: true, webauthn:extension:largeBlob: true, webauthn:extension:minPinLength: true, webauthn:extension:prf: true, webauthn:virtualAuthenticators: true}
Element: [[ChromeDriver: chrome on windows (a95a2982444c3f565aec73767da6184a)] -> id: uniform-months]
Session ID: a95a2982444c3f565aec73767da6184a
at java.base/jdk.internal.reflect.DirectConstructorHandleAccessor.newInstance(DirectConstructorHandleAccessor.java:62)
at java.base/java.lang.reflect.Constructor.newInstanceWithCaller(Constructor.java:502)
at java.base/java.lang.reflect.Constructor.newInstance(Constructor.java:486)
at org.openqa.selenium.remote.ErrorCodec.decode(ErrorCodec.java:167)
at org.openqa.selenium.remote.codec.w3c.W3CHttpResponseCodec.decode(W3CHttpResponseCodec.java:138)
at org.openqa.selenium.remote.codec.w3c.W3CHttpResponseCodec.decode(W3CHttpResponseCodec.java:50)
at org.openqa.selenium.remote.HttpCommandExecutor.execute(HttpCommandExecutor.java:190)
at org.openqa.selenium.remote.service.DriverCommandExecutor.invokeExecute(DriverCommandExecutor.java:216)
at org.openqa.selenium.remote.service.DriverCommandExecutor.execute(DriverCommandExecutor.java:174)
at org.openqa.selenium.remote.RemoteWebDriver.execute(RemoteWebDriver.java:519)
at org.openqa.selenium.remote.RemoteWebElement.execute(RemoteWebElement.java:223)
at org.openqa.selenium.remote.RemoteWebElement.click(RemoteWebElement.java:76)
at java.base/jdk.internal.reflect.DirectMethodHandleAccessor.invoke(DirectMethodHandleAccessor.java:103)
at java.base/java.lang.reflect.Method.invoke(Method.java:580)
at org.openqa.selenium.support.pagefactory.internal.LocatingElementHandler.invoke(LocatingElementHandler.java:51)
at jdk.proxy2/jdk.proxy2.$Proxy16.click(Unknown Source)
at AutomationExercise.LoginPage.createAccount(LoginPage.java:124)
at AutomationExercise.Tests.RegisterUser.TestRegisterUser(RegisterUser.java:65)
at java.base/jdk.internal.reflect.DirectMethodHandleAccessor.invoke(DirectMethodHandleAccessor.java:103)
at java.base/java.lang.reflect.Method.invoke(Method.java:580)
at org.testng.internal.invokers.MethodInvocationHelper.invokeMethod(MethodInvocationHelper.java:141)
at org.testng.internal.invokers.TestInvoker.invokeMethod(TestInvoker.java:687)
at org.testng.internal.invokers.TestInvoker.invokeTestMethod(TestInvoker.java:230)
at org.testng.internal.invokers.MethodRunner.runInSequence(MethodRunner.java:63)
at org.testng.internal.invokers.TestInvoker$MethodInvocationAgent.invoke(TestInvoker.java:995)
at org.testng.internal.invokers.TestInvoker.invokeTestMethods(TestInvoker.java:203)
at org.testng.internal.invokers.TestMethodWorker.invokeTestMethods(TestMethodWorker.java:154)
at org.testng.internal.invokers.TestMethodWorker.run(TestMethodWorker.java:134)
at java.base/java.util.ArrayList.forEach(ArrayList.java:1596)
at org.testng.TestRunner.privateRun(TestRunner.java:741)
at org.testng.TestRunner.run(TestRunner.java:616)
at org.testng.SuiteRunner.runTest(SuiteRunner.java:421)
at org.testng.SuiteRunner$SuiteWorker.run(SuiteRunner.java:463)
at org.testng.internal.thread.ThreadUtil.lambda$execute$0(ThreadUtil.java:64)
at java.base/java.util.concurrent.FutureTask.run(FutureTask.java:317)
at java.base/java.util.concurrent.ThreadPoolExecutor.runWorker(ThreadPoolExecutor.java:1144)
at java.base/java.util.concurrent.ThreadPoolExecutor$Worker.run(ThreadPoolExecutor.java:642)
at java.base/java.lang.Thread.run(Thread.java:1583)
]]>
            </full-stacktrace>
          </exception> <!-- org.openqa.selenium.ElementClickInterceptedException -->
          <reporter-output>
          </reporter-output>
        </test-method> <!-- TestRegisterUser -->
        <test-method is-config="true" signature="tearDown()[pri:0, instance:AutomationExercise.Tests.RegisterUser@22f59fa]" started-at="2026-07-03T09:14:26 IST" name="tearDown" finished-at="2026-07-03T09:14:28 IST" duration-ms="1473" status="PASS">
          <reporter-output>
          </reporter-output>
        </test-method> <!-- tearDown -->
        <test-method is-config="true" signature="launchApplication()[pri:0, instance:AutomationExercise.Tests.RegisterUser@22f59fa]" started-at="2026-07-03T09:14:28 IST" name="launchApplication" finished-at="2026-07-03T09:14:39 IST" duration-ms="10696" status="PASS">
          <reporter-output>
          </reporter-output>
        </test-method> <!-- launchApplication -->
        <test-method signature="TestRegisterUser(AutomationExercise.AccountInfo)[pri:0, instance:AutomationExercise.Tests.RegisterUser@22f59fa]" started-at="2026-07-03T09:14:39 IST" name="TestRegisterUser" data-provider="getData" finished-at="2026-07-03T09:15:17 IST" duration-ms="37950" status="PASS">
          <params>
            <param index="0">
              <value>
                <![CDATA[AutomationExercise.AccountInfo@69f3d1d3]]>
              </value>
            </param>
          </params>
          <reporter-output>
          </reporter-output>
        </test-method> <!-- TestRegisterUser -->
        <test-method is-config="true" signature="tearDown()[pri:0, instance:AutomationExercise.Tests.RegisterUser@22f59fa]" started-at="2026-07-03T09:15:17 IST" name="tearDown" finished-at="2026-07-03T09:15:17 IST" duration-ms="811" status="PASS">
          <reporter-output>
          </reporter-output>
        </test-method> <!-- tearDown -->
        <test-method is-config="true" signature="launchApplication()[pri:0, instance:AutomationExercise.Tests.RegisterUser@22f59fa]" started-at="2026-07-03T09:15:17 IST" name="launchApplication" finished-at="2026-07-03T09:15:25 IST" duration-ms="7666" status="PASS">
          <reporter-output>
          </reporter-output>
        </test-method> <!-- launchApplication -->
        <test-method signature="TestRegisterUser(AutomationExercise.AccountInfo)[pri:0, instance:AutomationExercise.Tests.RegisterUser@22f59fa]" started-at="2026-07-03T09:15:25 IST" name="TestRegisterUser" data-provider="getData" finished-at="2026-07-03T09:15:39 IST" duration-ms="14007" status="PASS">
          <params>
            <param index="0">
              <value>
                <![CDATA[AutomationExercise.AccountInfo@56725b17]]>
              </value>
            </param>
          </params>
          <reporter-output>
          </reporter-output>
        </test-method> <!-- TestRegisterUser -->
        <test-method is-config="true" signature="tearDown()[pri:0, instance:AutomationExercise.Tests.RegisterUser@22f59fa]" started-at="2026-07-03T09:15:39 IST" name="tearDown" finished-at="2026-07-03T09:15:40 IST" duration-ms="604" status="PASS">
          <reporter-output>
          </reporter-output>
        </test-method> <!-- tearDown -->
      </class> <!-- AutomationExercise.Tests.RegisterUser -->
    </test> <!-- AutoTestNG.xml -->
  </suite> <!-- AutoTestNG -->
</testng-results>
