<?xml version="1.0" encoding="UTF-8"?>
<!-- Generated by org.testng.reporters.JUnitReportReporter -->
<testsuite hostname="LAPTOP-AAOHPEQP" failures="0" tests="2" name="AutomationExercise.RegisterUser" time="41.804" errors="0" timestamp="2026-04-03T14:53:28 IST" skipped="0">
  <testcase classname="AutomationExercise.RegisterUser" name="TestRegisterUser" time="22.673"/>
  <system-out/>
  <testcase classname="AutomationExercise.RegisterUser" name="TestRegisterUser" time="19.131"/>
  <system-out/>
</testsuite> <!-- AutomationExercise.RegisterUser -->
