<?xml version="1.0" encoding="UTF-8"?>
<!-- Generated by org.testng.reporters.JUnitReportReporter -->
<testsuite hostname="LAPTOP-AAOHPEQP" failures="0" tests="2" name="AutomationExercise.RegisterUser" time="54.302" errors="0" timestamp="2026-04-10T23:21:32 IST" skipped="0">
  <testcase classname="AutomationExercise.RegisterUser" name="TestRegisterUser" time="23.152"/>
  <system-out/>
  <testcase classname="AutomationExercise.RegisterUser" name="TestRegisterUser" time="31.150"/>
  <system-out/>
</testsuite> <!-- AutomationExercise.RegisterUser -->
